<?xml version="1.0" encoding="UTF-8" ?>
<testsuite tests="11" failures="5" name="cucumber.options.TestRunner" time="26.168" errors="0" skipped="0">
  <properties>
    <property name="java.runtime.name" value="Java(TM) SE Runtime Environment"/>
    <property name="sun.boot.library.path" value="/Library/Java/JavaVirtualMachines/jdk1.8.0_211.jdk/Contents/Home/jre/lib"/>
    <property name="java.vm.version" value="25.211-b12"/>
    <property name="gopherProxySet" value="false"/>
    <property name="java.vm.vendor" value="Oracle Corporation"/>
    <property name="maven.multiModuleProjectDirectory" value="/Users/neeraj.jadon/Documents/Test code/ZomatoApiAutomation"/>
    <property name="java.vendor.url" value="http://java.oracle.com/"/>
    <property name="path.separator" value=":"/>
    <property name="guice.disable.misplaced.annotation.check" value="true"/>
    <property name="java.vm.name" value="Java HotSpot(TM) 64-Bit Server VM"/>
    <property name="file.encoding.pkg" value="sun.io"/>
    <property name="user.country" value="IN"/>
    <property name="sun.java.launcher" value="SUN_STANDARD"/>
    <property name="sun.os.patch.level" value="unknown"/>
    <property name="java.vm.specification.name" value="Java Virtual Machine Specification"/>
    <property name="user.dir" value="/Users/neeraj.jadon/Documents/Test code/ZomatoApiAutomation"/>
    <property name="java.runtime.version" value="1.8.0_211-b12"/>
    <property name="java.awt.graphicsenv" value="sun.awt.CGraphicsEnvironment"/>
    <property name="java.endorsed.dirs" value="/Library/Java/JavaVirtualMachines/jdk1.8.0_211.jdk/Contents/Home/jre/lib/endorsed"/>
    <property name="os.arch" value="x86_64"/>
    <property name="java.io.tmpdir" value="/var/folders/k1/0k86psjn3y3872bdc2y1x8ch84290t/T/"/>
    <property name="line.separator" value="
"/>
    <property name="java.vm.specification.vendor" value="Oracle Corporation"/>
    <property name="os.name" value="Mac OS X"/>
    <property name="classworlds.conf" value="/usr/local/Cellar/maven/3.6.2/libexec/bin/m2.conf"/>
    <property name="sun.jnu.encoding" value="UTF-8"/>
    <property name="java.library.path" value="/Users/neeraj.jadon/Library/Java/Extensions:/Library/Java/Extensions:/Network/Library/Java/Extensions:/System/Library/Java/Extensions:/usr/lib/java:."/>
    <property name="maven.conf" value="/usr/local/Cellar/maven/3.6.2/libexec/conf"/>
    <property name="java.specification.name" value="Java Platform API Specification"/>
    <property name="java.class.version" value="52.0"/>
    <property name="sun.management.compiler" value="HotSpot 64-Bit Tiered Compilers"/>
    <property name="os.version" value="10.14.6"/>
    <property name="library.jansi.path" value="/usr/local/Cellar/maven/3.6.2/libexec/lib/jansi-native"/>
    <property name="http.nonProxyHosts" value="local|*.local|169.254/16|*.169.254/16"/>
    <property name="user.home" value="/Users/neeraj.jadon"/>
    <property name="user.timezone" value="Asia/Kolkata"/>
    <property name="java.awt.printerjob" value="sun.lwawt.macosx.CPrinterJob"/>
    <property name="java.specification.version" value="1.8"/>
    <property name="file.encoding" value="UTF-8"/>
    <property name="user.name" value="neeraj.jadon"/>
    <property name="java.class.path" value="/usr/local/Cellar/maven/3.6.2/libexec/boot/plexus-classworlds-2.6.0.jar"/>
    <property name="java.vm.specification.version" value="1.8"/>
    <property name="sun.arch.data.model" value="64"/>
    <property name="java.home" value="/Library/Java/JavaVirtualMachines/jdk1.8.0_211.jdk/Contents/Home/jre"/>
    <property name="sun.java.command" value="org.codehaus.plexus.classworlds.launcher.Launcher test verify"/>
    <property name="java.specification.vendor" value="Oracle Corporation"/>
    <property name="user.language" value="en"/>
    <property name="awt.toolkit" value="sun.lwawt.macosx.LWCToolkit"/>
    <property name="java.vm.info" value="mixed mode"/>
    <property name="java.version" value="1.8.0_211"/>
    <property name="java.ext.dirs" value="/Users/neeraj.jadon/Library/Java/Extensions:/Library/Java/JavaVirtualMachines/jdk1.8.0_211.jdk/Contents/Home/jre/lib/ext:/Library/Java/Extensions:/Network/Library/Java/Extensions:/System/Library/Java/Extensions:/usr/lib/java"/>
    <property name="sun.boot.class.path" value="/Library/Java/JavaVirtualMachines/jdk1.8.0_211.jdk/Contents/Home/jre/lib/resources.jar:/Library/Java/JavaVirtualMachines/jdk1.8.0_211.jdk/Contents/Home/jre/lib/rt.jar:/Library/Java/JavaVirtualMachines/jdk1.8.0_211.jdk/Contents/Home/jre/lib/sunrsasign.jar:/Library/Java/JavaVirtualMachines/jdk1.8.0_211.jdk/Contents/Home/jre/lib/jsse.jar:/Library/Java/JavaVirtualMachines/jdk1.8.0_211.jdk/Contents/Home/jre/lib/jce.jar:/Library/Java/JavaVirtualMachines/jdk1.8.0_211.jdk/Contents/Home/jre/lib/charsets.jar:/Library/Java/JavaVirtualMachines/jdk1.8.0_211.jdk/Contents/Home/jre/lib/jfr.jar:/Library/Java/JavaVirtualMachines/jdk1.8.0_211.jdk/Contents/Home/jre/classes"/>
    <property name="java.vendor" value="Oracle Corporation"/>
    <property name="maven.home" value="/usr/local/Cellar/maven/3.6.2/libexec"/>
    <property name="file.separator" value="/"/>
    <property name="java.vendor.url.bug" value="http://bugreport.sun.com/bugreport/"/>
    <property name="sun.cpu.endian" value="little"/>
    <property name="sun.io.unicode.encoding" value="UnicodeBig"/>
    <property name="socksNonProxyHosts" value="local|*.local|169.254/16|*.169.254/16"/>
    <property name="ftp.nonProxyHosts" value="local|*.local|169.254/16|*.169.254/16"/>
    <property name="sun.cpu.isalist" value=""/>
  </properties>
  <testcase classname="Validating Location API&apos;s" name="Verify co-ordinates by city" time="2.644"/>
  <testcase classname="Validating Location API&apos;s" name="Verify Best rated restaurants" time="2.388"/>
  <testcase classname="Validating Location API&apos;s" name="Verify Best rated restaurants" time="2.071"/>
  <testcase classname="Validating Location API&apos;s" name="Verify Best rated restaurants" time="2.34">
    <failure type="java.lang.AssertionError">java.lang.AssertionError
	at org.junit.Assert.fail(Assert.java:87)
	at org.junit.Assert.fail(Assert.java:96)
	at stepDefinitions.LocationstepDefinition.verifyInBestRatedRestaurant(LocationstepDefinition.java:78)
	at ✽.Verify &quot;Shree Gurukripa&quot;  in best rated restaurant(file:///Users/neeraj.jadon/Documents/Test%20code/ZomatoApiAutomation/src/test/java/features/Location.feature:18)
</failure>
  </testcase>
  <testcase classname="Validating restaurant specific scenario" name="Verify no of restaurant in given city with price less than 2000 and aggregate_rating more than 4" time="2.665">
    <failure type="java.lang.AssertionError">java.lang.AssertionError
	at org.junit.Assert.fail(Assert.java:87)
	at org.junit.Assert.fail(Assert.java:96)
	at stepDefinitions.RestaurantStepDefinitions.countRestaurantInGivenCityPriceAndRating(RestaurantStepDefinitions.java:47)
	at ✽.Verify restaurant is present below given &quot;500&quot; and rating above &quot;4&quot;(file:///Users/neeraj.jadon/Documents/Test%20code/ZomatoApiAutomation/src/test/java/features/Restaurant.feature:8)
</failure>
  </testcase>
  <testcase classname="Validating restaurant specific scenario" name="Verify no of restaurant in given city with price less than 2000 and aggregate_rating more than 4" time="2.746"/>
  <testcase classname="Validating restaurant specific scenario" name="Verify selected cuisine present in particular restaurant" time="0.997">
    <failure type="java.lang.AssertionError">java.lang.AssertionError
	at org.junit.Assert.fail(Assert.java:87)
	at org.junit.Assert.fail(Assert.java:96)
	at stepDefinitions.RestaurantStepDefinitions.verifyIfIsPresentInParticularRestaurant(RestaurantStepDefinitions.java:76)
	at ✽.Verify if &quot;Mughlai&quot; is present in particular restaurant(file:///Users/neeraj.jadon/Documents/Test%20code/ZomatoApiAutomation/src/test/java/features/Restaurant.feature:19)
</failure>
  </testcase>
  <testcase classname="Validating restaurant specific scenario" name="Verify selected cuisine present in particular restaurant" time="0.743">
    <failure type="java.lang.AssertionError">java.lang.AssertionError
	at org.junit.Assert.fail(Assert.java:87)
	at org.junit.Assert.fail(Assert.java:96)
	at stepDefinitions.RestaurantStepDefinitions.verifyIfIsPresentInParticularRestaurant(RestaurantStepDefinitions.java:76)
	at ✽.Verify if &quot;xyz&quot; is present in particular restaurant(file:///Users/neeraj.jadon/Documents/Test%20code/ZomatoApiAutomation/src/test/java/features/Restaurant.feature:19)
</failure>
  </testcase>
  <testcase classname="Validating restaurant specific scenario" name="Verify given restaurant have specified highlight" time="0.947"/>
  <testcase classname="Find restaurant by search API&apos;s using common API&apos;s" name="Verify restaurant have particular cuisine" time="3.912"/>
  <testcase classname="Find restaurant by search API&apos;s using common API&apos;s" name="Verify restaurant have particular cuisine" time="4.715">
    <failure type="java.lang.AssertionError">java.lang.AssertionError
	at org.junit.Assert.fail(Assert.java:87)
	at org.junit.Assert.fail(Assert.java:96)
	at stepDefinitions.RestaurantFinderStepDefinitions.verifySearchResultContainsCuisine(RestaurantFinderStepDefinitions.java:51)
	at ✽.Verify search result contains &quot;xyz&quot;(file:///Users/neeraj.jadon/Documents/Test%20code/ZomatoApiAutomation/src/test/java/features/RestaurantFinder.feature:8)
</failure>
  </testcase>
</testsuite>