<?xml version="1.0" encoding="UTF-8" ?>
<testsuite tests="11" failures="5" name="cucumber.options.TestRunner" time="26.168" errors="0" skipped="0">
  <properties>
[...]
</properties>
  <testcase classname="Validating Location API&apos;s" name="Verify co-ordinates by city" time="2.644"/>
  <testcase classname="Validating Location API&apos;s" name="Verify Best rated restaurants" time="2.388"/>
  <testcase classname="Validating Location API&apos;s" name="Verify Best rated restaurants" time="2.071"/>
  <testcase classname="Validating Location API&apos;s" name="Verify Best rated restaurants" time="2.34">
    <failure type="java.lang.AssertionError">java.lang.AssertionError
	at org.junit.Assert.fail(Assert.java:87)
	at org.junit.Assert.fail(Assert.java:96)
	at stepDefinitions.LocationstepDefinition.verifyInBestRatedRestaurant(LocationstepDefinition.java:78)
	at ✽.Verify &quot;Shree Gurukripa&quot;  in best rated restaurant(file:///Users/neeraj.jadon/Documents/Test%20code/ZomatoApiAutomation/src/test/java/features/Location.feature:18)
</failure>
  </testcase>
  <testcase classname="Validating restaurant specific scenario" name="Verify no of restaurant in given city with price less than 2000 and aggregate_rating more than 4" time="2.665">
    <failure type="java.lang.AssertionError">java.lang.AssertionError
	at org.junit.Assert.fail(Assert.java:87)
	at org.junit.Assert.fail(Assert.java:96)
	at stepDefinitions.RestaurantStepDefinitions.countRestaurantInGivenCityPriceAndRating(RestaurantStepDefinitions.java:47)
	at ✽.Verify restaurant is present below given &quot;500&quot; and rating above &quot;4&quot;(file:///Users/neeraj.jadon/Documents/Test%20code/ZomatoApiAutomation/src/test/java/features/Restaurant.feature:8)
</failure>
  </testcase>
  <testcase classname="Validating restaurant specific scenario" name="Verify no of restaurant in given city with price less than 2000 and aggregate_rating more than 4" time="2.746"/>
  <testcase classname="Validating restaurant specific scenario" name="Verify selected cuisine present in particular restaurant" time="0.997">
    <failure type="java.lang.AssertionError">java.lang.AssertionError
	at org.junit.Assert.fail(Assert.java:87)
	at org.junit.Assert.fail(Assert.java:96)
	at stepDefinitions.RestaurantStepDefinitions.verifyIfIsPresentInParticularRestaurant(RestaurantStepDefinitions.java:76)
	at ✽.Verify if &quot;Mughlai&quot; is present in particular restaurant(file:///Users/neeraj.jadon/Documents/Test%20code/ZomatoApiAutomation/src/test/java/features/Restaurant.feature:19)
</failure>
  </testcase>
  <testcase classname="Validating restaurant specific scenario" name="Verify selected cuisine present in particular restaurant" time="0.743">
    <failure type="java.lang.AssertionError">java.lang.AssertionError
	at org.junit.Assert.fail(Assert.java:87)
	at org.junit.Assert.fail(Assert.java:96)
	at stepDefinitions.RestaurantStepDefinitions.verifyIfIsPresentInParticularRestaurant(RestaurantStepDefinitions.java:76)
	at ✽.Verify if &quot;xyz&quot; is present in particular restaurant(file:///Users/neeraj.jadon/Documents/Test%20code/ZomatoApiAutomation/src/test/java/features/Restaurant.feature:19)
</failure>
  </testcase>
  <testcase classname="Validating restaurant specific scenario" name="Verify given restaurant have specified highlight" time="0.947"/>
  <testcase classname="Find restaurant by search API&apos;s using common API&apos;s" name="Verify restaurant have particular cuisine" time="3.912"/>
  <testcase classname="Find restaurant by search API&apos;s using common API&apos;s" name="Verify restaurant have particular cuisine" time="4.715">
    <failure type="java.lang.AssertionError">java.lang.AssertionError
	at org.junit.Assert.fail(Assert.java:87)
	at org.junit.Assert.fail(Assert.java:96)
	at stepDefinitions.RestaurantFinderStepDefinitions.verifySearchResultContainsCuisine(RestaurantFinderStepDefinitions.java:51)
	at ✽.Verify search result contains &quot;xyz&quot;(file:///Users/neeraj.jadon/Documents/Test%20code/ZomatoApiAutomation/src/test/java/features/RestaurantFinder.feature:8)
</failure>
  </testcase>
</testsuite>